2024-03-04T07:12:56.414+03:00  INFO 1856 --- [main] com.Workout.WorkoutLogger.Application    : Starting Application using Java 17.0.8 with PID 1856 (D:\All About Coding\Java\WorkoutLogger\target\classes started by ewqas in D:\All About Coding\Java\WorkoutLogger)
2024-03-04T07:12:56.420+03:00  INFO 1856 --- [main] com.Workout.WorkoutLogger.Application    : The following 1 profile is active: "Workout"
2024-03-04T07:12:57.807+03:00  INFO 1856 --- [main] .s.d.r.c.RepositoryConfigurationDelegate : Bootstrapping Spring Data JPA repositories in DEFERRED mode.
2024-03-04T07:12:57.938+03:00  INFO 1856 --- [main] .s.d.r.c.RepositoryConfigurationDelegate : Finished Spring Data repository scanning in 116 ms. Found 3 JPA repository interfaces.
2024-03-04T07:12:59.053+03:00  INFO 1856 --- [main] o.s.b.w.embedded.tomcat.TomcatWebServer  : Tomcat initialized with port(s): 8080 (http)
2024-03-04T07:12:59.075+03:00  INFO 1856 --- [main] o.apache.catalina.core.StandardService   : Starting service [Tomcat]
2024-03-04T07:12:59.075+03:00  INFO 1856 --- [main] o.apache.catalina.core.StandardEngine    : Starting Servlet engine: [Apache Tomcat/10.1.15]
2024-03-04T07:12:59.275+03:00  INFO 1856 --- [main] o.a.c.c.C.[Tomcat].[localhost].[/]       : Initializing Spring embedded WebApplicationContext
2024-03-04T07:12:59.276+03:00  INFO 1856 --- [main] w.s.c.ServletWebServerApplicationContext : Root WebApplicationContext: initialization completed in 2737 ms
2024-03-04T07:12:59.571+03:00  INFO 1856 --- [task-1] o.hibernate.jpa.internal.util.LogHelper  : HHH000204: Processing PersistenceUnitInfo [name: default]
2024-03-04T07:12:59.598+03:00  WARN 1856 --- [main] ConfigServletWebServerApplicationContext : Exception encountered during context initialization - cancelling refresh attempt: org.springframework.beans.factory.UnsatisfiedDependencyException: Error creating bean with name 'securityConfiguration' defined in file [D:\All About Coding\Java\WorkoutLogger\target\classes\com\Workout\WorkoutLogger\Config\SecurityConfiguration.class]: Unsatisfied dependency expressed through constructor parameter 0: Error creating bean with name 'userService': Unsatisfied dependency expressed through method 'setPasswordEncoder' parameter 0: Error creating bean with name 'securityConfiguration': Requested bean is currently in creation: Is there an unresolvable circular reference?
2024-03-04T07:12:59.599+03:00  INFO 1856 --- [main] j.LocalContainerEntityManagerFactoryBean : Closing JPA EntityManagerFactory for persistence unit 'default'
2024-03-04T07:12:59.702+03:00  INFO 1856 --- [task-1] org.hibernate.Version                    : HHH000412: Hibernate ORM core version 6.2.13.Final
2024-03-04T07:12:59.706+03:00  INFO 1856 --- [task-1] org.hibernate.cfg.Environment            : HHH000406: Using bytecode reflection optimizer
2024-03-04T07:13:00.199+03:00  INFO 1856 --- [task-1] o.s.o.j.p.SpringPersistenceUnitInfo      : No LoadTimeWeaver setup: ignoring JPA class transformer
2024-03-04T07:13:00.245+03:00  INFO 1856 --- [task-1] com.zaxxer.hikari.HikariDataSource       : HikariPool-1 - Starting...
2024-03-04T07:13:00.583+03:00  INFO 1856 --- [task-1] com.zaxxer.hikari.pool.HikariPool        : HikariPool-1 - Added connection org.postgresql.jdbc.PgConnection@dffbcd2
2024-03-04T07:13:00.585+03:00  INFO 1856 --- [task-1] com.zaxxer.hikari.HikariDataSource       : HikariPool-1 - Start completed.
2024-03-04T07:13:01.129+03:00  INFO 1856 --- [task-1] o.h.e.t.j.p.i.JtaPlatformInitiator       : HHH000489: No JTA platform available (set 'hibernate.transaction.jta.platform' to enable JTA platform integration)
2024-03-04T07:13:01.136+03:00  INFO 1856 --- [task-1] j.LocalContainerEntityManagerFactoryBean : Initialized JPA EntityManagerFactory for persistence unit 'default'
2024-03-04T07:13:01.141+03:00  INFO 1856 --- [main] com.zaxxer.hikari.HikariDataSource       : HikariPool-1 - Shutdown initiated...
2024-03-04T07:13:01.228+03:00  INFO 1856 --- [main] com.zaxxer.hikari.HikariDataSource       : HikariPool-1 - Shutdown completed.
2024-03-04T07:13:01.231+03:00  INFO 1856 --- [main] o.apache.catalina.core.StandardService   : Stopping service [Tomcat]
2024-03-04T07:13:01.248+03:00  INFO 1856 --- [main] .s.b.a.l.ConditionEvaluationReportLogger : 

Error starting ApplicationContext. To display the condition evaluation report re-run your application with 'debug' enabled.
2024-03-04T07:13:01.271+03:00 ERROR 1856 --- [main] o.s.b.d.LoggingFailureAnalysisReporter   : 

***************************
APPLICATION FAILED TO START
***************************

Description:

The dependencies of some of the beans in the application context form a cycle:

┌─────┐
|  securityConfiguration defined in file [D:\All About Coding\Java\WorkoutLogger\target\classes\com\Workout\WorkoutLogger\Config\SecurityConfiguration.class]
↑     ↓
|  userService
└─────┘


Action:

Despite circular references being allowed, the dependency cycle between beans could not be broken. Update your application to remove the dependency cycle.

2024-03-04T07:13:36.318+03:00  INFO 28904 --- [main] com.Workout.WorkoutLogger.Application    : Starting Application using Java 17.0.8 with PID 28904 (D:\All About Coding\Java\WorkoutLogger\target\classes started by ewqas in D:\All About Coding\Java\WorkoutLogger)
2024-03-04T07:13:36.323+03:00  INFO 28904 --- [main] com.Workout.WorkoutLogger.Application    : The following 1 profile is active: "Workout"
2024-03-04T07:13:37.592+03:00  INFO 28904 --- [main] .s.d.r.c.RepositoryConfigurationDelegate : Bootstrapping Spring Data JPA repositories in DEFERRED mode.
2024-03-04T07:13:37.686+03:00  INFO 28904 --- [main] .s.d.r.c.RepositoryConfigurationDelegate : Finished Spring Data repository scanning in 82 ms. Found 3 JPA repository interfaces.
2024-03-04T07:13:38.761+03:00  INFO 28904 --- [main] o.s.b.w.embedded.tomcat.TomcatWebServer  : Tomcat initialized with port(s): 8080 (http)
2024-03-04T07:13:38.779+03:00  INFO 28904 --- [main] o.apache.catalina.core.StandardService   : Starting service [Tomcat]
2024-03-04T07:13:38.780+03:00  INFO 28904 --- [main] o.apache.catalina.core.StandardEngine    : Starting Servlet engine: [Apache Tomcat/10.1.15]
2024-03-04T07:13:39.001+03:00  INFO 28904 --- [main] o.a.c.c.C.[Tomcat].[localhost].[/]       : Initializing Spring embedded WebApplicationContext
2024-03-04T07:13:39.002+03:00  INFO 28904 --- [main] w.s.c.ServletWebServerApplicationContext : Root WebApplicationContext: initialization completed in 2566 ms
2024-03-04T07:13:39.261+03:00  INFO 28904 --- [task-1] o.hibernate.jpa.internal.util.LogHelper  : HHH000204: Processing PersistenceUnitInfo [name: default]
2024-03-04T07:13:39.307+03:00  WARN 28904 --- [main] ConfigServletWebServerApplicationContext : Exception encountered during context initialization - cancelling refresh attempt: org.springframework.beans.factory.UnsatisfiedDependencyException: Error creating bean with name 'securityConfiguration' defined in file [D:\All About Coding\Java\WorkoutLogger\target\classes\com\Workout\WorkoutLogger\Config\SecurityConfiguration.class]: Unsatisfied dependency expressed through constructor parameter 0: Error creating bean with name 'userService': Unsatisfied dependency expressed through method 'setPasswordEncoder' parameter 0: Error creating bean with name 'securityConfiguration': Requested bean is currently in creation: Is there an unresolvable circular reference?
2024-03-04T07:13:39.308+03:00  INFO 28904 --- [main] j.LocalContainerEntityManagerFactoryBean : Closing JPA EntityManagerFactory for persistence unit 'default'
2024-03-04T07:13:39.380+03:00  INFO 28904 --- [task-1] org.hibernate.Version                    : HHH000412: Hibernate ORM core version 6.2.13.Final
2024-03-04T07:13:39.383+03:00  INFO 28904 --- [task-1] org.hibernate.cfg.Environment            : HHH000406: Using bytecode reflection optimizer
2024-03-04T07:13:39.779+03:00  INFO 28904 --- [task-1] o.s.o.j.p.SpringPersistenceUnitInfo      : No LoadTimeWeaver setup: ignoring JPA class transformer
2024-03-04T07:13:39.827+03:00  INFO 28904 --- [task-1] com.zaxxer.hikari.HikariDataSource       : HikariPool-1 - Starting...
2024-03-04T07:13:40.155+03:00  INFO 28904 --- [task-1] com.zaxxer.hikari.pool.HikariPool        : HikariPool-1 - Added connection org.postgresql.jdbc.PgConnection@232aaf7d
2024-03-04T07:13:40.157+03:00  INFO 28904 --- [task-1] com.zaxxer.hikari.HikariDataSource       : HikariPool-1 - Start completed.
2024-03-04T07:13:40.669+03:00  INFO 28904 --- [task-1] o.h.e.t.j.p.i.JtaPlatformInitiator       : HHH000489: No JTA platform available (set 'hibernate.transaction.jta.platform' to enable JTA platform integration)
2024-03-04T07:13:40.677+03:00  INFO 28904 --- [task-1] j.LocalContainerEntityManagerFactoryBean : Initialized JPA EntityManagerFactory for persistence unit 'default'
2024-03-04T07:13:40.682+03:00  INFO 28904 --- [main] com.zaxxer.hikari.HikariDataSource       : HikariPool-1 - Shutdown initiated...
2024-03-04T07:13:40.767+03:00  INFO 28904 --- [main] com.zaxxer.hikari.HikariDataSource       : HikariPool-1 - Shutdown completed.
2024-03-04T07:13:40.770+03:00  INFO 28904 --- [main] o.apache.catalina.core.StandardService   : Stopping service [Tomcat]
2024-03-04T07:13:40.785+03:00  INFO 28904 --- [main] .s.b.a.l.ConditionEvaluationReportLogger : 

Error starting ApplicationContext. To display the condition evaluation report re-run your application with 'debug' enabled.
2024-03-04T07:13:40.807+03:00 ERROR 28904 --- [main] o.s.b.d.LoggingFailureAnalysisReporter   : 

***************************
APPLICATION FAILED TO START
***************************

Description:

The dependencies of some of the beans in the application context form a cycle:

┌─────┐
|  securityConfiguration defined in file [D:\All About Coding\Java\WorkoutLogger\target\classes\com\Workout\WorkoutLogger\Config\SecurityConfiguration.class]
↑     ↓
|  userService
└─────┘


Action:

Despite circular references being allowed, the dependency cycle between beans could not be broken. Update your application to remove the dependency cycle.

2024-03-04T07:14:19.836+03:00  INFO 21992 --- [main] com.Workout.WorkoutLogger.Application    : Starting Application using Java 17.0.8 with PID 21992 (D:\All About Coding\Java\WorkoutLogger\target\classes started by ewqas in D:\All About Coding\Java\WorkoutLogger)
2024-03-04T07:14:19.840+03:00  INFO 21992 --- [main] com.Workout.WorkoutLogger.Application    : The following 1 profile is active: "Workout"
2024-03-04T07:14:21.194+03:00  INFO 21992 --- [main] .s.d.r.c.RepositoryConfigurationDelegate : Bootstrapping Spring Data JPA repositories in DEFERRED mode.
2024-03-04T07:14:21.287+03:00  INFO 21992 --- [main] .s.d.r.c.RepositoryConfigurationDelegate : Finished Spring Data repository scanning in 80 ms. Found 3 JPA repository interfaces.
2024-03-04T07:14:22.311+03:00  INFO 21992 --- [main] o.s.b.w.embedded.tomcat.TomcatWebServer  : Tomcat initialized with port(s): 8080 (http)
2024-03-04T07:14:22.332+03:00  INFO 21992 --- [main] o.apache.catalina.core.StandardService   : Starting service [Tomcat]
2024-03-04T07:14:22.332+03:00  INFO 21992 --- [main] o.apache.catalina.core.StandardEngine    : Starting Servlet engine: [Apache Tomcat/10.1.15]
2024-03-04T07:14:22.555+03:00  INFO 21992 --- [main] o.a.c.c.C.[Tomcat].[localhost].[/]       : Initializing Spring embedded WebApplicationContext
2024-03-04T07:14:22.556+03:00  INFO 21992 --- [main] w.s.c.ServletWebServerApplicationContext : Root WebApplicationContext: initialization completed in 2632 ms
2024-03-04T07:14:22.825+03:00  INFO 21992 --- [task-1] o.hibernate.jpa.internal.util.LogHelper  : HHH000204: Processing PersistenceUnitInfo [name: default]
2024-03-04T07:14:22.861+03:00  WARN 21992 --- [main] ConfigServletWebServerApplicationContext : Exception encountered during context initialization - cancelling refresh attempt: org.springframework.beans.factory.UnsatisfiedDependencyException: Error creating bean with name 'securityConfiguration' defined in file [D:\All About Coding\Java\WorkoutLogger\target\classes\com\Workout\WorkoutLogger\Config\SecurityConfiguration.class]: Unsatisfied dependency expressed through constructor parameter 1: No qualifying bean of type 'com.Workout.WorkoutLogger.Config.JwtRequestFilter' available: expected at least 1 bean which qualifies as autowire candidate. Dependency annotations: {}
2024-03-04T07:14:22.862+03:00  INFO 21992 --- [main] j.LocalContainerEntityManagerFactoryBean : Closing JPA EntityManagerFactory for persistence unit 'default'
2024-03-04T07:14:22.932+03:00  INFO 21992 --- [task-1] org.hibernate.Version                    : HHH000412: Hibernate ORM core version 6.2.13.Final
2024-03-04T07:14:22.936+03:00  INFO 21992 --- [task-1] org.hibernate.cfg.Environment            : HHH000406: Using bytecode reflection optimizer
2024-03-04T07:14:23.326+03:00  INFO 21992 --- [task-1] o.s.o.j.p.SpringPersistenceUnitInfo      : No LoadTimeWeaver setup: ignoring JPA class transformer
2024-03-04T07:14:23.369+03:00  INFO 21992 --- [task-1] com.zaxxer.hikari.HikariDataSource       : HikariPool-1 - Starting...
2024-03-04T07:14:23.692+03:00  INFO 21992 --- [task-1] com.zaxxer.hikari.pool.HikariPool        : HikariPool-1 - Added connection org.postgresql.jdbc.PgConnection@232aaf7d
2024-03-04T07:14:23.694+03:00  INFO 21992 --- [task-1] com.zaxxer.hikari.HikariDataSource       : HikariPool-1 - Start completed.
2024-03-04T07:14:24.320+03:00  INFO 21992 --- [task-1] o.h.e.t.j.p.i.JtaPlatformInitiator       : HHH000489: No JTA platform available (set 'hibernate.transaction.jta.platform' to enable JTA platform integration)
2024-03-04T07:14:24.329+03:00  INFO 21992 --- [task-1] j.LocalContainerEntityManagerFactoryBean : Initialized JPA EntityManagerFactory for persistence unit 'default'
2024-03-04T07:14:24.334+03:00  INFO 21992 --- [main] com.zaxxer.hikari.HikariDataSource       : HikariPool-1 - Shutdown initiated...
2024-03-04T07:14:24.521+03:00  INFO 21992 --- [main] com.zaxxer.hikari.HikariDataSource       : HikariPool-1 - Shutdown completed.
2024-03-04T07:14:24.525+03:00  INFO 21992 --- [main] o.apache.catalina.core.StandardService   : Stopping service [Tomcat]
2024-03-04T07:14:24.542+03:00  INFO 21992 --- [main] .s.b.a.l.ConditionEvaluationReportLogger : 

Error starting ApplicationContext. To display the condition evaluation report re-run your application with 'debug' enabled.
2024-03-04T07:14:24.582+03:00 ERROR 21992 --- [main] o.s.b.d.LoggingFailureAnalysisReporter   : 

***************************
APPLICATION FAILED TO START
***************************

Description:

Parameter 1 of constructor in com.Workout.WorkoutLogger.Config.SecurityConfiguration required a bean of type 'com.Workout.WorkoutLogger.Config.JwtRequestFilter' that could not be found.


Action:

Consider defining a bean of type 'com.Workout.WorkoutLogger.Config.JwtRequestFilter' in your configuration.

2024-03-04T07:14:39.363+03:00  INFO 26720 --- [main] com.Workout.WorkoutLogger.Application    : Starting Application using Java 17.0.8 with PID 26720 (D:\All About Coding\Java\WorkoutLogger\target\classes started by ewqas in D:\All About Coding\Java\WorkoutLogger)
2024-03-04T07:14:39.367+03:00  INFO 26720 --- [main] com.Workout.WorkoutLogger.Application    : The following 1 profile is active: "Workout"
2024-03-04T07:14:40.640+03:00  INFO 26720 --- [main] .s.d.r.c.RepositoryConfigurationDelegate : Bootstrapping Spring Data JPA repositories in DEFERRED mode.
2024-03-04T07:14:40.732+03:00  INFO 26720 --- [main] .s.d.r.c.RepositoryConfigurationDelegate : Finished Spring Data repository scanning in 81 ms. Found 3 JPA repository interfaces.
2024-03-04T07:14:41.793+03:00  INFO 26720 --- [main] o.s.b.w.embedded.tomcat.TomcatWebServer  : Tomcat initialized with port(s): 8080 (http)
2024-03-04T07:14:41.811+03:00  INFO 26720 --- [main] o.apache.catalina.core.StandardService   : Starting service [Tomcat]
2024-03-04T07:14:41.812+03:00  INFO 26720 --- [main] o.apache.catalina.core.StandardEngine    : Starting Servlet engine: [Apache Tomcat/10.1.15]
2024-03-04T07:14:42.149+03:00  INFO 26720 --- [main] o.a.c.c.C.[Tomcat].[localhost].[/]       : Initializing Spring embedded WebApplicationContext
2024-03-04T07:14:42.149+03:00  INFO 26720 --- [main] w.s.c.ServletWebServerApplicationContext : Root WebApplicationContext: initialization completed in 2670 ms
2024-03-04T07:14:42.406+03:00  INFO 26720 --- [task-1] o.hibernate.jpa.internal.util.LogHelper  : HHH000204: Processing PersistenceUnitInfo [name: default]
2024-03-04T07:14:42.432+03:00  WARN 26720 --- [main] ConfigServletWebServerApplicationContext : Exception encountered during context initialization - cancelling refresh attempt: org.springframework.beans.factory.UnsatisfiedDependencyException: Error creating bean with name 'securityConfiguration' defined in file [D:\All About Coding\Java\WorkoutLogger\target\classes\com\Workout\WorkoutLogger\Config\SecurityConfiguration.class]: Unsatisfied dependency expressed through constructor parameter 1: No qualifying bean of type 'com.Workout.WorkoutLogger.Config.JwtRequestFilter' available: expected at least 1 bean which qualifies as autowire candidate. Dependency annotations: {}
2024-03-04T07:14:42.432+03:00  INFO 26720 --- [main] j.LocalContainerEntityManagerFactoryBean : Closing JPA EntityManagerFactory for persistence unit 'default'
2024-03-04T07:14:42.491+03:00  INFO 26720 --- [task-1] org.hibernate.Version                    : HHH000412: Hibernate ORM core version 6.2.13.Final
2024-03-04T07:14:42.494+03:00  INFO 26720 --- [task-1] org.hibernate.cfg.Environment            : HHH000406: Using bytecode reflection optimizer
2024-03-04T07:14:42.873+03:00  INFO 26720 --- [task-1] o.s.o.j.p.SpringPersistenceUnitInfo      : No LoadTimeWeaver setup: ignoring JPA class transformer
2024-03-04T07:14:42.917+03:00  INFO 26720 --- [task-1] com.zaxxer.hikari.HikariDataSource       : HikariPool-1 - Starting...
2024-03-04T07:14:43.231+03:00  INFO 26720 --- [task-1] com.zaxxer.hikari.pool.HikariPool        : HikariPool-1 - Added connection org.postgresql.jdbc.PgConnection@232aaf7d
2024-03-04T07:14:43.233+03:00  INFO 26720 --- [task-1] com.zaxxer.hikari.HikariDataSource       : HikariPool-1 - Start completed.
2024-03-04T07:14:43.768+03:00  INFO 26720 --- [task-1] o.h.e.t.j.p.i.JtaPlatformInitiator       : HHH000489: No JTA platform available (set 'hibernate.transaction.jta.platform' to enable JTA platform integration)
2024-03-04T07:14:43.778+03:00  INFO 26720 --- [task-1] j.LocalContainerEntityManagerFactoryBean : Initialized JPA EntityManagerFactory for persistence unit 'default'
2024-03-04T07:14:43.784+03:00  INFO 26720 --- [main] com.zaxxer.hikari.HikariDataSource       : HikariPool-1 - Shutdown initiated...
2024-03-04T07:14:43.800+03:00  INFO 26720 --- [main] com.zaxxer.hikari.HikariDataSource       : HikariPool-1 - Shutdown completed.
2024-03-04T07:14:43.803+03:00  INFO 26720 --- [main] o.apache.catalina.core.StandardService   : Stopping service [Tomcat]
2024-03-04T07:14:43.820+03:00  INFO 26720 --- [main] .s.b.a.l.ConditionEvaluationReportLogger : 

Error starting ApplicationContext. To display the condition evaluation report re-run your application with 'debug' enabled.
2024-03-04T07:14:43.866+03:00 ERROR 26720 --- [main] o.s.b.d.LoggingFailureAnalysisReporter   : 

***************************
APPLICATION FAILED TO START
***************************

Description:

Parameter 1 of constructor in com.Workout.WorkoutLogger.Config.SecurityConfiguration required a bean of type 'com.Workout.WorkoutLogger.Config.JwtRequestFilter' that could not be found.


Action:

Consider defining a bean of type 'com.Workout.WorkoutLogger.Config.JwtRequestFilter' in your configuration.

